Printing Reducer Qs
0: guy:1
0: guy:1
0: guy:1
0: guy:1
0: guy:1
0: what:1
0: what:1
0: what:1
0: what:1
0: what:1
0: Ria:1
0: Ria:1
0: Ria:1
0: Ria:1
0: Ria:1
1: There:1
1: There:1
1: There:1
1: this:1
1: There:1
1: There:1
1: this:1
1: this:1
1: this:1
1: this:1
1: girl:1
1: girl:1
1: girl:1
1: girl:1
1: girl:1
1: so:1
1: hard:1
1: so:1
1: hard:1
1: so:1
1: so:1
1: so:1
1: hard:1
1: hard:1
1: hard:1
1: him.:1
1: him.:1
1: him.:1
1: do:1
1: him.:1
1: him.:1
1: do:1
1: do:1
1: do:1
1: do:1
2: was:1
2: was:1
2: was:1
2: was:1
2: was:1
2: was:1
2: was:1
2: very:1
2: was:1
2: was:1
2: very:1
2: was:1
2: Some:1
2: very:1
2: very:1
2: very:1
PID: 02: Some:1
2: Some:1
2: Some:1
2: Some:1
2: Hrithik:1
2: Hrithik:1
2: Hrithik:1
2: Hrithik:1
2: Hrithik:1
2: all:1
2: all:1
2: all:1
2: all:1
2: all:1
2: and:1
2: and:1
2: and:1
2: and:1
2: and:1
2: What:1
2: What:1
2: What:1
2: What:1
2: What:1
3: once:1
3: once:1
3: once:1
3: once:1
3: once:1
3: He:1
3: He:1
3: He:1
3: He:1
3: He:1
3: This:1
3: This:1
3: This:1
3: This:1
3: This:1
3: she:1
3: she:1
3: she:1
3: should:1
3: she:1
3: she:1
3: should:1
3: should:1
3: should:1
3: should:1
4: named:1
4: Aakash.:1
4: named:1
4: named:1
4: Aakash.:1
4: named:1
4: named:1
4: Aakash.:1
4: Aakash.:1
4: Aakash.:1
4: say:1
4: say:1
4: say:1
4: say:1
4: say:1
4: when:1
4: when:1
4: when:1
4: when:1
4: when:1
4: 10.:1
4: 10.:1
4: 10.:1
4: 10.:1
4: 10.:1
4: when:1
4: when:1
4: when:1
4: when:1
4: when:1
4: music*:1
4: music*:1
4: music*:1
4: music*:1
4: music*:1
5: he:1
5: is:1
5: he:1
5: is:1
5: he:1
5: he:1
5: he:1
5: is:1
5: is:1
5: is:1
5: is:1
5: is:1
5: is:1
5: is:1
5: is:1
5: we:1
5: we:1
5: we:1
5: we:1
5: we:1
5: he:1
5: he:1
5: he:1
5: he:1
5: he:1
6: charming:1
6: charming:1
6: charming:1
6: charming:1
6: charming:1
6: on:1
6: on:1
6: on:1
6: on:1
6: on:1
6: beyond.:1
6: beyond.:1
6: beyond.:1
6: beyond.:1
6: beyond.:1
6: gets:1
6: gets:1
6: suspense:1
6: gets:1
6: gets:1
6: gets:1
6: suspense:1
6: suspense:1
6: suspense:1
6: suspense:1
7: a:1
7: a:1
7: a:1
7: boy.:1
7: a:1
7: a:1
7: boy.:1
7: boy.:1
7: boy.:1
7: boy.:1
7: a:1
7: a:1
7: a:1
7: a:1
7: a:1
7: a:1
7: Wow.:1
7: a:1
7: a:1
7: a:1
7: a:1
7: Wow.:1
7: Wow.:1
7: Wow.:1
7: Wow.:1
7: to:1
7: to:1
7: to:1
7: to:1
7: to:1
8: may:1
8: may:1
8: may:1
8: may:1
8: may:1
8: him:1
8: him:1
8: him:1
8: him:1
8: him:1
8: Aakash:1
8: Aakash:1
8: Aakash:1
8: Aakash:1
8: Aakash:1
8: *Cue:1
8: *Cue:1
8: *Cue:1
8: *Cue:1
8: *Cue:1
9: 9/10:1
9: 9/10:1
9: Roshan:1
9: 9/10:1
9: 9/10:1
9: 9/10:1
9: Roshan:1
9: Roshan:1
9: Roshan:1
9: Roshan:1
9: Thats:1
9: Thats:1
9: Thats:1
9: Thats:1
9: thought.:1
9: Thats:1
9: thought.:1
9: thought.:1
9: lead:1
9: thought.:1
9: thought.:1
9: lead:1
9: lead:1
9: lead:1
9: lead:1
9: infinity:1
9: infinity:1
9: Now,:1
9: infinity:1
9: infinity:1
9: infinity:1
9: curved:1
9: Now,:1
9: Now,:1
9: Now,:1
9: Now,:1
9: curved:1
9: curved:1
9: curved:1
9: curved:1
9: back?:1
9: back?:1
9: back?:1
9: back?:1
9: back?:1
--------------
15, 50, 90, 115, 150, 175, 200, 230, 250, 295, 
--------------
6750, 6000, 
--------------
6000, 6000, 
--------------
0, 0, 
--------------
0, 6000, 
--------------

After
guy
guy
Sahil.
Sahil.
guy
guy
guy
Sahil.
Sahil.
Sahil.
his
his
his
his
his
his
his
his
his
his
There
There
There
There
There
friends.
friends.
friends.
friends.
friends.
talking
talking
talking
talking
talking
so
so
so
so
so
cannot
cannot
hanging
hanging
cannot
cannot
cannot
hanging
hanging
hanging
goal.
goal.
goal.
guy.
goal.
goal.
guy.
guy.
guy.
guy.
was
was
was
was
was
Because
Because
Because
Because
Because
than
than
than
than
than
What
What
What
What
What
once
once
once
once
once
He
He
He
He
He
He
He
He
He
He
league.
league.
league.
stopped
stopped
league.
league.
stopped
stopped
stopped
much
much
much
much
much
He
He
He
He
He
finals
finals
finals
finals
finals
guy
guy
guy
guy
guy
what
what
what
what
what
Ria
Ria
Ria
Ria
Ria
There
There
There
this
There
There
this
this
this
this
girl
girl
girl
girl
girl
so
hard
so
hard
so
so
so
hard
hard
hard
him.
him.
him.
do
him.
him.
do
do
do
do
was
was
was
was
was
was
was
very
was
was
very
was
Some
very
very
very
Some
Some
Some
Some
Hrithik
Hrithik
Hrithik
Hrithik
Hrithik
all
all
all
all
all
and
and
and
and
and
What
What
What
What
What
once
once
once
once
once
He
He
He
He
He
This
This
This
This
This
she
she
she
should
she
she
should
should
should
should
named
Aakash.
named
named
Aakash.
















































































































































































































































