Total Time for thread,0: 0.000000
Total Time for reader,1: 0.344104
Total Time for thread,1: 0.344113
Total Time for reader,2: 0.438957
Total Time for thread,2: 0.438965
Total Time for reader,3: 0.444874
Total Time for thread,3: 0.444884
Total Time for reader,4: 0.449990
Total Time for thread,4: 0.450000
Total Time for reader,5: 0.455643
Total Time for thread,5: 0.455649
Total Time for mapper,8: 0.691049
Total Time for mapper,10: 0.691047
Total Time for thread,10: 0.691062
Total Time for mapper,7: 0.691053
Total Time for thread,7: 0.691075
Total Time for thread,8: 0.691055
Total Time for mapper,6: 0.691051
Total Time for thread,6: 0.691082
Total Time for mapper,9: 0.711529
Total Time for thread,9: 0.711534
Total Time for reducer,15: 0.111144
Total Time for thread,15: 0.822580
Total Time for reducer,12: 0.203588
Total Time for thread,12: 0.915125
Total Time for reducer,13: 0.293145
Total Time for thread,13: 1.004694
Total Time for reducer,14: 0.493847
Total Time for thread,14: 1.205396
Total Time for reducer,11: 0.608139
Total Time for thread,11: 1.319686
Total Time OPen MP: 1.323550