Total Time for thread,0: 0.000001
Total Time for reader,3: 0.032993
Total Time for thread,3: 0.032999
Total Time for reader,2: 0.054478
Total Time for thread,2: 0.054497
Total Time for reader,1: 0.055152
Total Time for thread,1: 0.055166
Total Time for reader,4: 0.055789
Total Time for thread,4: 0.055796
Total Time for reader,5: 0.056536
Total Time for thread,5: 0.056543
Total Time for mapper,10: 0.091690
Total Time for thread,10: 0.091698
Total Time for mapper,9: 0.104989
Total Time for thread,9: 0.105004
Total Time for mapper,8: 0.104988
Total Time for thread,8: 0.105023
Total Time for mapper,7: 0.104992
Total Time for thread,7: 0.105043
Total Time for mapper,6: 0.104991
Total Time for thread,6: 0.105058
Total Time for reducer,12: 0.008951
Total Time for thread,12: 0.114015
Total Time for reducer,15: 0.019327
Total Time for thread,15: 0.124212
Total Time for reducer,13: 0.028250
Total Time for thread,13: 0.133311
Total Time for reducer,14: 0.037019
Total Time for thread,14: 0.141762
Total Time for reducer,11: 0.045091
Total Time for thread,11: 0.150154
Total Time OPen MP: 0.154157