Total Time for thread,0: 0.000000
Total Time for reader,3: 0.313965
Total Time for thread,3: 0.313975
Total Time for reader,2: 0.388438
Total Time for thread,2: 0.388448
Total Time for reader,1: 0.393915
Total Time for thread,1: 0.393925
Total Time for reader,4: 0.400061
Total Time for thread,4: 0.400072
Total Time for reader,5: 0.405441
Total Time for thread,5: 0.405449
Total Time for mapper,6: 0.655525
Total Time for thread,6: 0.655535
Total Time for mapper,8: 0.655527
Total Time for thread,8: 0.655544
Total Time for mapper,7: 0.655529
Total Time for thread,7: 0.655553
Total Time for mapper,10: 0.655525
Total Time for thread,10: 0.655563
Total Time for mapper,9: 0.663515
Total Time for thread,9: 0.663519
Total Time for reducer,13: 0.108456
Total Time for thread,13: 0.771988
Total Time for reducer,15: 0.225234
Total Time for thread,15: 0.888741
Total Time for reducer,14: 0.315296
Total Time for thread,14: 0.978826
Total Time for reducer,12: 0.435036
Total Time for thread,12: 1.098572
Total Time for reducer,11: 0.542420
Total Time for thread,11: 1.205955
Total Time OPen MP: 1.210277