Total Time for thread,0: 0.000001
Total Time for reader,1: 0.008366
Total Time for thread,1: 0.008395
Total Time for reader,4: 0.011126
Total Time for thread,4: 0.011131
Total Time for reader,2: 0.011215
Total Time for thread,2: 0.011225
Total Time for reader,5: 0.011349
Total Time for thread,5: 0.011356
Total Time for reader,3: 0.011477
Total Time for thread,3: 0.011484
Total Time for mapper,10: 0.015754
Total Time for thread,10: 0.015764
Total Time for mapper,8: 0.015755
Total Time for thread,8: 0.015777
Total Time for mapper,6: 0.015760
Total Time for thread,6: 0.015794
Total Time for mapper,7: 0.015756
Total Time for thread,7: 0.015802
Total Time for mapper,9: 0.017059
Total Time for thread,9: 0.017066
Total Time for reducer,15: 0.001061
Total Time for thread,15: 0.017048
Total Time for reducer,14: 0.003519
Total Time for thread,14: 0.020590
Total Time for reducer,13: 0.005363
Total Time for thread,13: 0.022435
Total Time for reducer,12: 0.006960
Total Time for thread,12: 0.024031
Total Time for reducer,11: 0.008100
Total Time for thread,11: 0.025170
Total Time OPen MP: 0.028096