Total Time for thread,0: 0.000001
Total Time for reader,4: 0.043168
Total Time for thread,4: 0.043178
Total Time for reader,3: 0.050161
Total Time for thread,3: 0.050165
Total Time for reader,1: 0.050668
Total Time for thread,1: 0.050678
Total Time for reader,2: 0.051147
Total Time for thread,2: 0.051157
Total Time for reader,5: 0.051747
Total Time for thread,5: 0.051755
Total Time for mapper,6: 0.073090
Total Time for thread,6: 0.073098
Total Time for mapper,8: 0.073083
Total Time for thread,8: 0.073100
Total Time for mapper,10: 0.073091
Total Time for thread,10: 0.073119
Total Time for mapper,9: 0.073596
Total Time for mapper,7: 0.073597
Total Time for thread,7: 0.073610
Total Time for thread,9: 0.073602
Total Time for reducer,13: 0.008772
Total Time for thread,13: 0.082386
Total Time for reducer,11: 0.017204
Total Time for thread,11: 0.090817
Total Time for reducer,14: 0.028113
Total Time for thread,14: 0.101731
Total Time for reducer,12: 0.034782
Total Time for thread,12: 0.108397
Total Time for reducer,15: 0.043976
Total Time for thread,15: 0.117440
Total Time OPen MP: 0.121195