Total Time for thread,0: 0.000000
Total Time for reader,4: 0.043138
Total Time for thread,4: 0.043150
Total Time for reader,2: 0.056721
Total Time for thread,2: 0.056735
Total Time for reader,1: 0.057931
Total Time for thread,1: 0.057950
Total Time for reader,5: 0.058853
Total Time for thread,5: 0.058861
Total Time for reader,3: 0.059943
Total Time for thread,3: 0.059951
Total Time for mapper,7: 0.108179
Total Time for thread,7: 0.108193
Total Time for mapper,10: 0.108177
Total Time for thread,10: 0.108209
Total Time for mapper,9: 0.108621
Total Time for thread,9: 0.108634
Total Time for mapper,8: 0.108610
Total Time for thread,8: 0.108647
Total Time for mapper,6: 0.108623
Total Time for thread,6: 0.108675
Total Time for reducer,15: 0.021653
Total Time for thread,15: 0.130252
Total Time for reducer,11: 0.030939
Total Time for thread,11: 0.139629
Total Time for reducer,12: 0.040793
Total Time for thread,12: 0.149473
Total Time for reducer,14: 0.048843
Total Time for thread,14: 0.157519
Total Time for reducer,13: 0.058639
Total Time for thread,13: 0.167343
Total Time OPen MP: 0.178278