Total Time for thread,0: 0.000001
Total Time for reader,1: 0.044659
Total Time for thread,1: 0.044676
Total Time for reader,3: 0.057933
Total Time for thread,3: 0.057941
Total Time for reader,4: 0.058681
Total Time for thread,4: 0.058688
Total Time for reader,5: 0.059321
Total Time for thread,5: 0.059328
Total Time for reader,2: 0.059962
Total Time for thread,2: 0.059981
Total Time for mapper,8: 0.109350
Total Time for thread,8: 0.109361
Total Time for mapper,7: 0.109489
Total Time for thread,7: 0.109506
Total Time for mapper,9: 0.109491
Total Time for thread,9: 0.109521
Total Time for mapper,6: 0.109494
Total Time for thread,6: 0.109534
Total Time for reducer,13: 0.012725
Total Time for thread,13: 0.122140
Total Time for reducer,14: 0.021513
Total Time for thread,14: 0.130899
Total Time for reducer,12: 0.028247
Total Time for thread,12: 0.137784
Total Time for reducer,10: 0.038452
Total Time for thread,10: 0.147963
Total Time for reducer,11: 0.045659
Total Time for thread,11: 0.155197
Total Time OPen MP: 0.158978