Total Time for thread,0: 0.000000
Total Time for reader,3: 0.032191
Total Time for thread,3: 0.032199
Total Time for reader,2: 0.048536
Total Time for thread,2: 0.048553
Total Time for reader,1: 0.049210
Total Time for thread,1: 0.049223
Total Time for mapper,6: 0.069997
Total Time for thread,6: 0.070010
Total Time for mapper,4: 0.069998
Total Time for thread,4: 0.070022
Total Time for mapper,5: 0.072838
Total Time for thread,5: 0.072846
Total Time for reducer,7: 0.010570
Total Time for thread,7: 0.083420
Total Time for reducer,9: 0.016744
Total Time for thread,9: 0.088809
Total Time for reducer,8: 0.023162
Total Time for thread,8: 0.096015
Total Time OPen MP: 0.098359