Total Time for thread,0: 0.000001
Total Time for reader,1: 0.298536
Total Time for thread,1: 0.298545
Total Time for reader,2: 0.367489
Total Time for thread,2: 0.367500
Total Time for reader,4: 0.372654
Total Time for thread,4: 0.372663
Total Time for reader,5: 0.378923
Total Time for thread,5: 0.378932
Total Time for reader,3: 0.385665
Total Time for thread,3: 0.385674
Total Time for mapper,10: 0.629725
Total Time for thread,10: 0.629739
Total Time for mapper,8: 0.629725
Total Time for thread,8: 0.629748
Total Time for mapper,6: 0.629724
Total Time for thread,6: 0.629755
Total Time for mapper,9: 0.636198
Total Time for thread,9: 0.636206
Total Time for mapper,7: 0.636199
Total Time for thread,7: 0.636213
Total Time for reducer,15: 0.094605
Total Time for thread,15: 0.730598
Total Time for reducer,13: 0.197803
Total Time for thread,13: 0.834027
Total Time for reducer,14: 0.310615
Total Time for thread,14: 0.946806
Total Time for reducer,11: 0.425140
Total Time for thread,11: 1.061151
Total Time for reducer,12: 0.619295
Total Time for thread,12: 1.255522
Total Time OPen MP: 1.259267