Total Time for thread,0: 0.000001
Total Time for reader,2: 0.042074
Total Time for thread,2: 0.042144
Total Time for reader,4: 0.051390
Total Time for thread,4: 0.051395
Total Time for reader,1: 0.052031
Total Time for thread,1: 0.052039
Total Time for reader,5: 0.052646
Total Time for thread,5: 0.052650
Total Time for reader,3: 0.053185
Total Time for thread,3: 0.053194
Total Time for mapper,10: 0.080130
Total Time for thread,10: 0.080136
Total Time for mapper,9: 0.081036
Total Time for mapper,6: 0.081039
Total Time for mapper,8: 0.081040
Total Time for mapper,7: 0.081038
Total Time for thread,7: 0.081057
Total Time for thread,9: 0.081044
Total Time for thread,6: 0.081051
Total Time for thread,8: 0.081057
Total Time for reducer,11: 0.012633
Total Time for thread,11: 0.093570
Total Time OPen MP: 0.098201