Total Time for thread,0: 0.000001
Total Time for reader,2: 0.032304
Total Time for thread,2: 0.032340
Total Time for reader,4: 0.043393
Total Time for thread,4: 0.043398
Total Time for reader,3: 0.043858
Total Time for thread,3: 0.043861
Total Time for reader,5: 0.044631
Total Time for thread,5: 0.044638
Total Time for reader,1: 0.045229
Total Time for thread,1: 0.045240
Total Time for mapper,10: 0.065117
Total Time for thread,10: 0.065124
Total Time for mapper,8: 0.065116
Total Time for thread,8: 0.065132
Total Time for mapper,6: 0.065118
Total Time for thread,6: 0.065140
Total Time for mapper,9: 0.067905
Total Time for thread,9: 0.067913
Total Time for mapper,7: 0.067902
Total Time for thread,7: 0.067916
Total Time for reducer,12: 0.008849
Total Time for thread,12: 0.076767
Total Time for reducer,13: 0.015613
Total Time for thread,13: 0.083526
Total Time for reducer,14: 0.022443
Total Time for thread,14: 0.090359
Total Time for reducer,15: 0.029379
Total Time for thread,15: 0.097169
Total Time for reducer,11: 0.036997
Total Time for thread,11: 0.104925
Total Time OPen MP: 0.108482