Total Time for thread,0: 0.000000
Total Time for reader,2: 0.302805
Total Time for thread,2: 0.302813
Total Time for reader,4: 0.399762
Total Time for thread,4: 0.399772
Total Time for reader,5: 0.405096
Total Time for thread,5: 0.405104
Total Time for reader,1: 0.410166
Total Time for thread,1: 0.410177
Total Time for reader,3: 0.415397
Total Time for thread,3: 0.415406
Total Time for mapper,10: 0.651167
Total Time for thread,10: 0.651180
Total Time for mapper,7: 0.651170
Total Time for thread,7: 0.651191
Total Time for mapper,9: 0.677431
Total Time for thread,9: 0.677439
Total Time for mapper,6: 0.677432
Total Time for thread,6: 0.677446
Total Time for mapper,8: 0.677433
Total Time for thread,8: 0.677451
Total Time for reducer,13: 0.098488
Total Time for thread,13: 0.775951
Total Time for reducer,15: 0.207915
Total Time for thread,15: 0.885262
Total Time for reducer,11: 0.305027
Total Time for thread,11: 0.982485
Total Time for reducer,14: 0.481311
Total Time for thread,14: 1.158773
Total Time for reducer,12: 0.623938
Total Time for thread,12: 1.301408
Total Time OPen MP: 1.304228