Total Time for thread,0: 0.000001
Total Time for reader,4: 0.047437
Total Time for thread,4: 0.047448
Total Time for reader,3: 0.060281
Total Time for thread,3: 0.060288
Total Time for reader,5: 0.061222
Total Time for thread,5: 0.061231
Total Time for reader,1: 0.062590
Total Time for thread,1: 0.062602
Total Time for reader,2: 0.063073
Total Time for thread,2: 0.063104
Total Time for mapper,8: 0.109296
Total Time for thread,8: 0.109307
Total Time for mapper,10: 0.109283
Total Time for thread,10: 0.109316
Total Time for mapper,6: 0.109280
Total Time for thread,6: 0.109318
Total Time for mapper,7: 0.109473
Total Time for thread,7: 0.109482
Total Time for mapper,9: 0.109475
Total Time for thread,9: 0.109494
Total Time for reducer,13: 0.008847
Total Time for thread,13: 0.118347
Total Time for reducer,15: 0.017699
Total Time for thread,15: 0.127045
Total Time for reducer,11: 0.024844
Total Time for thread,11: 0.134359
Total Time for reducer,12: 0.032780
Total Time for thread,12: 0.142291
Total Time for reducer,14: 0.041798
Total Time for thread,14: 0.151306
Total Time OPen MP: 0.186203