Time for Reader 1: 0.182837
Time for Reader 2: 0.120427
Time for Reader 3: 0.104008
Time for Reader 4: 0.104002
Time for Reader 5: 0.104023
Time for Mapper 6: 0.079393
Time for Mapper 7: 0.077758
Time for Mapper 8: 0.077524
Time for Mapper 9: 0.083997
Time for Mapper 10: 0.077898
Time for Reducer 11: 0.129009
Time for Reducer 12: 0.115950
Time for Reducer 13: 0.121814
Time for Reducer 14: 0.121908
Time for Reducer 15: 0.127299
Time Taken Sequential: 1.627990
Printing Reducer Q 0: 530585
Printing Reducer Q 1: 432280
Printing Reducer Q 2: 730080
Printing Reducer Q 3: 468165
Printing Reducer Q 4: 666140
