Time for Reader 1: 0.129937
Time for Reader 2: 0.087142
Time for Reader 3: 0.087439
Time for Reader 4: 0.085325
Time for Reader 5: 0.090597
Time for Reader 6: 0.086493
Time for Reader 7: 0.106089
Time for Reader 8: 0.106757
Time for Reader 9: 0.106797
Time for Reader 10: 0.091913
Time for Mapper 11: 0.080611
Time for Mapper 12: 0.079244
Time for Mapper 13: 0.079539
Time for Mapper 14: 0.105184
Time for Mapper 15: 0.090540
Time for Mapper 16: 0.094808
Time for Mapper 17: 0.102818
Time for Mapper 18: 0.100875
Time for Mapper 19: 0.101760
Time for Mapper 20: 0.099767
Time for Reducer 21: 0.439024
Time for Reducer 22: 0.179529
Time for Reducer 23: 0.270445
Time for Reducer 24: 0.246804
Time for Reducer 25: 0.135138
Time for Reducer 26: 0.182139
Time for Reducer 27: 0.111851
Time for Reducer 28: 0.174268
Time for Reducer 29: 0.141263
Time for Reducer 30: 0.182018
Time Taken Sequential: 3.976415
Printing Reducer Q 0: 524240
Printing Reducer Q 1: 498390
Printing Reducer Q 2: 674270
Printing Reducer Q 3: 428520
Printing Reducer Q 4: 460580
Printing Reducer Q 5: 536930
Printing Reducer Q 6: 366170
Printing Reducer Q 7: 785890
Printing Reducer Q 8: 507810
Printing Reducer Q 9: 871700
