Time for Reader 1: 0.020215
Time for Reader 2: 0.018870
Time for Reader 3: 0.011649
Time for Reader 4: 0.007821
Time for Reader 5: 0.007732
Time for Reader 6: 0.007699
Time for Reader 7: 0.007651
Time for Reader 8: 0.007625
Time for Reader 9: 0.007540
Time for Reader 10: 0.007542
Time for Mapper 11: 0.006553
Time for Mapper 12: 0.006353
Time for Mapper 13: 0.006911
Time for Mapper 14: 0.006849
Time for Mapper 15: 0.007034
Time for Mapper 16: 0.006710
Time for Mapper 17: 0.006882
Time for Mapper 18: 0.006626
Time for Mapper 19: 0.006737
Time for Mapper 20: 0.006836
Time for Reducer 21: 0.009817
Time for Reducer 22: 0.010614
Time for Reducer 23: 0.011648
Time for Reducer 24: 0.011036
Time for Reducer 25: 0.009671
Time for Reducer 26: 0.011527
Time for Reducer 27: 0.008620
Time for Reducer 28: 0.012241
Time for Reducer 29: 0.008854
Time for Reducer 30: 0.012168
Time Taken Sequential: 0.278135
Printing Reducer Q 0: 38990
Printing Reducer Q 1: 40900
Printing Reducer Q 2: 55970
Printing Reducer Q 3: 44830
Printing Reducer Q 4: 41800
Printing Reducer Q 5: 51230
Printing Reducer Q 6: 33220
Printing Reducer Q 7: 66110
Printing Reducer Q 8: 38460
Printing Reducer Q 9: 59670
