Time for Reader 1: 0.149049
Time for Reader 2: 0.091870
Time for Reader 3: 0.082170
Time for Reader 4: 0.082031
Time for Reader 5: 0.081972
Time for Mapper 6: 0.065249
Time for Mapper 7: 0.065608
Time for Mapper 8: 0.065194
Time for Mapper 9: 0.065637
Time for Mapper 10: 0.065769
Time for Reducer 11: 0.123260
Time for Reducer 12: 0.116041
Time for Reducer 13: 0.123872
Time for Reducer 14: 0.129131
Time for Reducer 15: 0.126618
Time Taken Sequential: 1.433595
Printing Reducer Q 0: 530585
Printing Reducer Q 1: 432280
Printing Reducer Q 2: 730080
Printing Reducer Q 3: 468165
Printing Reducer Q 4: 666140
